2026-06-23 16:34:34,298 | CRASH | crash_detector | UNHANDLED EXCEPTION: TypeError
Path: POST /api/v1/auth/signup
User-Agent: Mozilla/5.0 (Windows NT 10.0; Win64; x64) AppleWebKit/537.36 (KHTML, like Gecko) Chrome/149.0.0.0 Safari/537.36
Error: Object of type ValueError is not JSON serializable
Traceback:   + Exception Group Traceback (most recent call last):
  |   File "C:\Users\Administrator\Desktop\geo-map-updated\venv\Lib\site-packages\starlette\_utils.py", line 87, in collapse_excgroups
  |     yield
  |   File "C:\Users\Administrator\Desktop\geo-map-updated\venv\Lib\site-packages\starlette\middleware\base.py", line 190, in __call__
  |     async with anyio.create_task_group() as task_group:
  |   File "C:\Users\Administrator\Desktop\geo-map-updated\venv\Lib\site-packages\anyio\_backends\_asyncio.py", line 811, in __aexit__
  |     raise BaseExceptionGroup(
  | ExceptionGroup: unhandled errors in a TaskGroup (1 sub-exception)
  +-+---------------- 1 ----------------
    | Traceback (most recent call last):
    |   File "C:\Users\Administrator\Desktop\geo-map-updated\venv\Lib\site-packages\starlette\middleware\errors.py", line 164, in __call__
    |     await self.app(scope, receive, _send)
    |   File "C:\Users\Administrator\Desktop\geo-map-updated\venv\Lib\site-packages\starlette\middleware\base.py", line 189, in __call__
    |     with collapse_excgroups():
    |   File "C:\Users\Administrator\AppData\Local\Programs\Python\Python311\Lib\contextlib.py", line 158, in __exit__
    |     self.gen.throw(typ, value, traceback)
    |   File "C:\Users\Administrator\Desktop\geo-map-updated\venv\Lib\site-packages\starlette\_utils.py", line 93, in collapse_excgroups
    |     raise exc
    |   File "C:\Users\Administrator\Desktop\geo-map-updated\venv\Lib\site-packages\starlette\middleware\base.py", line 191, in __call__
    |     response = await self.dispatch_func(request, call_next)
    |                ^^^^^^^^^^^^^^^^^^^^^^^^^^^^^^^^^^^^^^^^^^^^
    |   File "C:\Users\Administrator\Desktop\geo-map-updated\venv\Lib\site-packages\slowapi\middleware.py", line 136, in dispatch
    |     response = await call_next(request)
    |                ^^^^^^^^^^^^^^^^^^^^^^^^
    |   File "C:\Users\Administrator\Desktop\geo-map-updated\venv\Lib\site-packages\starlette\middleware\base.py", line 165, in call_next
    |     raise app_exc
    |   File "C:\Users\Administrator\Desktop\geo-map-updated\venv\Lib\site-packages\starlette\middleware\base.py", line 151, in coro
    |     await self.app(scope, receive_or_disconnect, send_no_error)
    |   File "C:\Users\Administrator\Desktop\geo-map-updated\venv\Lib\site-packages\starlette\middleware\cors.py", line 93, in __call__
    |     await self.simple_response(scope, receive, send, request_headers=headers)
    |   File "C:\Users\Administrator\Desktop\geo-map-updated\venv\Lib\site-packages\starlette\middleware\cors.py", line 148, in simple_response
    |     await self.app(scope, receive, send)
    |   File "C:\Users\Administrator\Desktop\geo-map-updated\venv\Lib\site-packages\starlette\middleware\exceptions.py", line 65, in __call__
    |     await wrap_app_handling_exceptions(self.app, conn)(scope, receive, send)
    |   File "C:\Users\Administrator\Desktop\geo-map-updated\venv\Lib\site-packages\starlette\_exception_handler.py", line 64, in wrapped_app
    |     raise exc
    |   File "C:\Users\Administrator\Desktop\geo-map-updated\venv\Lib\site-packages\starlette\_exception_handler.py", line 53, in wrapped_app
    |     await app(scope, receive, sender)
    |   File "C:\Users\Administrator\Desktop\geo-map-updated\venv\Lib\site-packages\starlette\routing.py", line 756, in __call__
    |     await self.middleware_stack(scope, receive, send)
    |   File "C:\Users\Administrator\Desktop\geo-map-updated\venv\Lib\site-packages\starlette\routing.py", line 776, in app
    |     await route.handle(scope, receive, send)
    |   File "C:\Users\Administrator\Desktop\geo-map-updated\venv\Lib\site-packages\starlette\routing.py", line 297, in handle
    |     await self.app(scope, receive, send)
    |   File "C:\Users\Administrator\Desktop\geo-map-updated\venv\Lib\site-packages\starlette\routing.py", line 77, in app
    |     await wrap_app_handling_exceptions(app, request)(scope, receive, send)
    |   File "C:\Users\Administrator\Desktop\geo-map-updated\venv\Lib\site-packages\starlette\_exception_handler.py", line 75, in wrapped_app
    |     response = await handler(conn, exc)
    |                ^^^^^^^^^^^^^^^^^^^^^^^^
    |   File "C:\Users\Administrator\Desktop\geo-map-updated\app\main.py", line 199, in validation_exception_handler
    |     return JSONResponse(
    |            ^^^^^^^^^^^^^
    |   File "C:\Users\Administrator\Desktop\geo-map-updated\venv\Lib\site-packages\starlette\responses.py", line 184, in __init__
    |     super().__init__(content, status_code, headers, media_type, background)
    |   File "C:\Users\Administrator\Desktop\geo-map-updated\venv\Lib\site-packages\starlette\responses.py", line 41, in __init__
    |     self.body = self.render(content)
    |                 ^^^^^^^^^^^^^^^^^^^^
    |   File "C:\Users\Administrator\Desktop\geo-map-updated\venv\Lib\site-packages\starlette\responses.py", line 187, in render
    |     return json.dumps(
    |            ^^^^^^^^^^^
    |   File "C:\Users\Administrator\AppData\Local\Programs\Python\Python311\Lib\json\__init__.py", line 238, in dumps
    |     **kw).encode(obj)
    |           ^^^^^^^^^^^
    |   File "C:\Users\Administrator\AppData\Local\Programs\Python\Python311\Lib\json\encoder.py", line 200, in encode
    |     chunks = self.iterencode(o, _one_shot=True)
    |              ^^^^^^^^^^^^^^^^^^^^^^^^^^^^^^^^^^
    |   File "C:\Users\Administrator\AppData\Local\Programs\Python\Python311\Lib\json\encoder.py", line 258, in iterencode
    |     return _iterencode(o, 0)
    |            ^^^^^^^^^^^^^^^^^
    |   File "C:\Users\Administrator\AppData\Local\Programs\Python\Python311\Lib\json\encoder.py", line 180, in default
    |     raise TypeError(f'Object of type {o.__class__.__name__} '
    | TypeError: Object of type ValueError is not JSON serializable
    +------------------------------------

During handling of the above exception, another exception occurred:

Traceback (most recent call last):
  File "C:\Users\Administrator\Desktop\geo-map-updated\venv\Lib\site-packages\starlette\middleware\errors.py", line 164, in __call__
    await self.app(scope, receive, _send)
  File "C:\Users\Administrator\Desktop\geo-map-updated\venv\Lib\site-packages\starlette\middleware\base.py", line 189, in __call__
    with collapse_excgroups():
  File "C:\Users\Administrator\AppData\Local\Programs\Python\Python311\Lib\contextlib.py", line 158, in __exit__
    self.gen.throw(typ, value, traceback)
  File "C:\Users\Administrator\Desktop\geo-map-updated\venv\Lib\site-packages\starlette\_utils.py", line 93, in collapse_excgroups
    raise exc
  File "C:\Users\Administrator\Desktop\geo-map-updated\venv\Lib\site-packages\starlette\middleware\base.py", line 191, in __call__
    response = await self.dispatch_func(request, call_next)
               ^^^^^^^^^^^^^^^^^^^^^^^^^^^^^^^^^^^^^^^^^^^^
  File "C:\Users\Administrator\Desktop\geo-map-updated\venv\Lib\site-packages\slowapi\middleware.py", line 136, in dispatch
    response = await call_next(request)
               ^^^^^^^^^^^^^^^^^^^^^^^^
  File "C:\Users\Administrator\Desktop\geo-map-updated\venv\Lib\site-packages\starlette\middleware\base.py", line 165, in call_next
    raise app_exc
  File "C:\Users\Administrator\Desktop\geo-map-updated\venv\Lib\site-packages\starlette\middleware\base.py", line 151, in coro
    await self.app(scope, receive_or_disconnect, send_no_error)
  File "C:\Users\Administrator\Desktop\geo-map-updated\venv\Lib\site-packages\starlette\middleware\cors.py", line 93, in __call__
    await self.simple_response(scope, receive, send, request_headers=headers)
  File "C:\Users\Administrator\Desktop\geo-map-updated\venv\Lib\site-packages\starlette\middleware\cors.py", line 148, in simple_response
    await self.app(scope, receive, send)
  File "C:\Users\Administrator\Desktop\geo-map-updated\venv\Lib\site-packages\starlette\middleware\exceptions.py", line 65, in __call__
    await wrap_app_handling_exceptions(self.app, conn)(scope, receive, send)
  File "C:\Users\Administrator\Desktop\geo-map-updated\venv\Lib\site-packages\starlette\_exception_handler.py", line 64, in wrapped_app
    raise exc
  File "C:\Users\Administrator\Desktop\geo-map-updated\venv\Lib\site-packages\starlette\_exception_handler.py", line 53, in wrapped_app
    await app(scope, receive, sender)
  File "C:\Users\Administrator\Desktop\geo-map-updated\venv\Lib\site-packages\starlette\routing.py", line 756, in __call__
    await self.middleware_stack(scope, receive, send)
  File "C:\Users\Administrator\Desktop\geo-map-updated\venv\Lib\site-packages\starlette\routing.py", line 776, in app
    await route.handle(scope, receive, send)
  File "C:\Users\Administrator\Desktop\geo-map-updated\venv\Lib\site-packages\starlette\routing.py", line 297, in handle
    await self.app(scope, receive, send)
  File "C:\Users\Administrator\Desktop\geo-map-updated\venv\Lib\site-packages\starlette\routing.py", line 77, in app
    await wrap_app_handling_exceptions(app, request)(scope, receive, send)
  File "C:\Users\Administrator\Desktop\geo-map-updated\venv\Lib\site-packages\starlette\_exception_handler.py", line 75, in wrapped_app
    response = await handler(conn, exc)
               ^^^^^^^^^^^^^^^^^^^^^^^^
  File "C:\Users\Administrator\Desktop\geo-map-updated\app\main.py", line 199, in validation_exception_handler
    return JSONResponse(
           ^^^^^^^^^^^^^
  File "C:\Users\Administrator\Desktop\geo-map-updated\venv\Lib\site-packages\starlette\responses.py", line 184, in __init__
    super().__init__(content, status_code, headers, media_type, background)
  File "C:\Users\Administrator\Desktop\geo-map-updated\venv\Lib\site-packages\starlette\responses.py", line 41, in __init__
    self.body = self.render(content)
                ^^^^^^^^^^^^^^^^^^^^
  File "C:\Users\Administrator\Desktop\geo-map-updated\venv\Lib\site-packages\starlette\responses.py", line 187, in render
    return json.dumps(
           ^^^^^^^^^^^
  File "C:\Users\Administrator\AppData\Local\Programs\Python\Python311\Lib\json\__init__.py", line 238, in dumps
    **kw).encode(obj)
          ^^^^^^^^^^^
  File "C:\Users\Administrator\AppData\Local\Programs\Python\Python311\Lib\json\encoder.py", line 200, in encode
    chunks = self.iterencode(o, _one_shot=True)
             ^^^^^^^^^^^^^^^^^^^^^^^^^^^^^^^^^^
  File "C:\Users\Administrator\AppData\Local\Programs\Python\Python311\Lib\json\encoder.py", line 258, in iterencode
    return _iterencode(o, 0)
           ^^^^^^^^^^^^^^^^^
  File "C:\Users\Administrator\AppData\Local\Programs\Python\Python311\Lib\json\encoder.py", line 180, in default
    raise TypeError(f'Object of type {o.__class__.__name__} '
TypeError: Object of type ValueError is not JSON serializable

(<class 'TypeError'>, TypeError('Object of type ValueError is not JSON serializable'), <traceback object at 0x000001CC7D31A900>)
  + Exception Group Traceback (most recent call last):
  |   File "C:\Users\Administrator\Desktop\geo-map-updated\venv\Lib\site-packages\starlette\_utils.py", line 87, in collapse_excgroups
  |     yield
  |   File "C:\Users\Administrator\Desktop\geo-map-updated\venv\Lib\site-packages\starlette\middleware\base.py", line 190, in __call__
  |     async with anyio.create_task_group() as task_group:
  |   File "C:\Users\Administrator\Desktop\geo-map-updated\venv\Lib\site-packages\anyio\_backends\_asyncio.py", line 811, in __aexit__
  |     raise BaseExceptionGroup(
  | ExceptionGroup: unhandled errors in a TaskGroup (1 sub-exception)
  +-+---------------- 1 ----------------
    | Traceback (most recent call last):
    |   File "C:\Users\Administrator\Desktop\geo-map-updated\venv\Lib\site-packages\starlette\middleware\errors.py", line 164, in __call__
    |     await self.app(scope, receive, _send)
    |   File "C:\Users\Administrator\Desktop\geo-map-updated\venv\Lib\site-packages\starlette\middleware\base.py", line 189, in __call__
    |     with collapse_excgroups():
    |   File "C:\Users\Administrator\AppData\Local\Programs\Python\Python311\Lib\contextlib.py", line 158, in __exit__
    |     self.gen.throw(typ, value, traceback)
    |   File "C:\Users\Administrator\Desktop\geo-map-updated\venv\Lib\site-packages\starlette\_utils.py", line 93, in collapse_excgroups
    |     raise exc
    |   File "C:\Users\Administrator\Desktop\geo-map-updated\venv\Lib\site-packages\starlette\middleware\base.py", line 191, in __call__
    |     response = await self.dispatch_func(request, call_next)
    |                ^^^^^^^^^^^^^^^^^^^^^^^^^^^^^^^^^^^^^^^^^^^^
    |   File "C:\Users\Administrator\Desktop\geo-map-updated\venv\Lib\site-packages\slowapi\middleware.py", line 136, in dispatch
    |     response = await call_next(request)
    |                ^^^^^^^^^^^^^^^^^^^^^^^^
    |   File "C:\Users\Administrator\Desktop\geo-map-updated\venv\Lib\site-packages\starlette\middleware\base.py", line 165, in call_next
    |     raise app_exc
    |   File "C:\Users\Administrator\Desktop\geo-map-updated\venv\Lib\site-packages\starlette\middleware\base.py", line 151, in coro
    |     await self.app(scope, receive_or_disconnect, send_no_error)
    |   File "C:\Users\Administrator\Desktop\geo-map-updated\venv\Lib\site-packages\starlette\middleware\cors.py", line 93, in __call__
    |     await self.simple_response(scope, receive, send, request_headers=headers)
    |   File "C:\Users\Administrator\Desktop\geo-map-updated\venv\Lib\site-packages\starlette\middleware\cors.py", line 148, in simple_response
    |     await self.app(scope, receive, send)
    |   File "C:\Users\Administrator\Desktop\geo-map-updated\venv\Lib\site-packages\starlette\middleware\exceptions.py", line 65, in __call__
    |     await wrap_app_handling_exceptions(self.app, conn)(scope, receive, send)
    |   File "C:\Users\Administrator\Desktop\geo-map-updated\venv\Lib\site-packages\starlette\_exception_handler.py", line 64, in wrapped_app
    |     raise exc
    |   File "C:\Users\Administrator\Desktop\geo-map-updated\venv\Lib\site-packages\starlette\_exception_handler.py", line 53, in wrapped_app
    |     await app(scope, receive, sender)
    |   File "C:\Users\Administrator\Desktop\geo-map-updated\venv\Lib\site-packages\starlette\routing.py", line 756, in __call__
    |     await self.middleware_stack(scope, receive, send)
    |   File "C:\Users\Administrator\Desktop\geo-map-updated\venv\Lib\site-packages\starlette\routing.py", line 776, in app
    |     await route.handle(scope, receive, send)
    |   File "C:\Users\Administrator\Desktop\geo-map-updated\venv\Lib\site-packages\starlette\routing.py", line 297, in handle
    |     await self.app(scope, receive, send)
    |   File "C:\Users\Administrator\Desktop\geo-map-updated\venv\Lib\site-packages\starlette\routing.py", line 77, in app
    |     await wrap_app_handling_exceptions(app, request)(scope, receive, send)
    |   File "C:\Users\Administrator\Desktop\geo-map-updated\venv\Lib\site-packages\starlette\_exception_handler.py", line 75, in wrapped_app
    |     response = await handler(conn, exc)
    |                ^^^^^^^^^^^^^^^^^^^^^^^^
    |   File "C:\Users\Administrator\Desktop\geo-map-updated\app\main.py", line 199, in validation_exception_handler
    |     return JSONResponse(
    |            ^^^^^^^^^^^^^
    |   File "C:\Users\Administrator\Desktop\geo-map-updated\venv\Lib\site-packages\starlette\responses.py", line 184, in __init__
    |     super().__init__(content, status_code, headers, media_type, background)
    |   File "C:\Users\Administrator\Desktop\geo-map-updated\venv\Lib\site-packages\starlette\responses.py", line 41, in __init__
    |     self.body = self.render(content)
    |                 ^^^^^^^^^^^^^^^^^^^^
    |   File "C:\Users\Administrator\Desktop\geo-map-updated\venv\Lib\site-packages\starlette\responses.py", line 187, in render
    |     return json.dumps(
    |            ^^^^^^^^^^^
    |   File "C:\Users\Administrator\AppData\Local\Programs\Python\Python311\Lib\json\__init__.py", line 238, in dumps
    |     **kw).encode(obj)
    |           ^^^^^^^^^^^
    |   File "C:\Users\Administrator\AppData\Local\Programs\Python\Python311\Lib\json\encoder.py", line 200, in encode
    |     chunks = self.iterencode(o, _one_shot=True)
    |              ^^^^^^^^^^^^^^^^^^^^^^^^^^^^^^^^^^
    |   File "C:\Users\Administrator\AppData\Local\Programs\Python\Python311\Lib\json\encoder.py", line 258, in iterencode
    |     return _iterencode(o, 0)
    |            ^^^^^^^^^^^^^^^^^
    |   File "C:\Users\Administrator\AppData\Local\Programs\Python\Python311\Lib\json\encoder.py", line 180, in default
    |     raise TypeError(f'Object of type {o.__class__.__name__} '
    | TypeError: Object of type ValueError is not JSON serializable
    +------------------------------------

During handling of the above exception, another exception occurred:

Traceback (most recent call last):
  File "C:\Users\Administrator\Desktop\geo-map-updated\venv\Lib\site-packages\starlette\middleware\errors.py", line 164, in __call__
    await self.app(scope, receive, _send)
  File "C:\Users\Administrator\Desktop\geo-map-updated\venv\Lib\site-packages\starlette\middleware\base.py", line 189, in __call__
    with collapse_excgroups():
  File "C:\Users\Administrator\AppData\Local\Programs\Python\Python311\Lib\contextlib.py", line 158, in __exit__
    self.gen.throw(typ, value, traceback)
  File "C:\Users\Administrator\Desktop\geo-map-updated\venv\Lib\site-packages\starlette\_utils.py", line 93, in collapse_excgroups
    raise exc
  File "C:\Users\Administrator\Desktop\geo-map-updated\venv\Lib\site-packages\starlette\middleware\base.py", line 191, in __call__
    response = await self.dispatch_func(request, call_next)
               ^^^^^^^^^^^^^^^^^^^^^^^^^^^^^^^^^^^^^^^^^^^^
  File "C:\Users\Administrator\Desktop\geo-map-updated\venv\Lib\site-packages\slowapi\middleware.py", line 136, in dispatch
    response = await call_next(request)
               ^^^^^^^^^^^^^^^^^^^^^^^^
  File "C:\Users\Administrator\Desktop\geo-map-updated\venv\Lib\site-packages\starlette\middleware\base.py", line 165, in call_next
    raise app_exc
  File "C:\Users\Administrator\Desktop\geo-map-updated\venv\Lib\site-packages\starlette\middleware\base.py", line 151, in coro
    await self.app(scope, receive_or_disconnect, send_no_error)
  File "C:\Users\Administrator\Desktop\geo-map-updated\venv\Lib\site-packages\starlette\middleware\cors.py", line 93, in __call__
    await self.simple_response(scope, receive, send, request_headers=headers)
  File "C:\Users\Administrator\Desktop\geo-map-updated\venv\Lib\site-packages\starlette\middleware\cors.py", line 148, in simple_response
    await self.app(scope, receive, send)
  File "C:\Users\Administrator\Desktop\geo-map-updated\venv\Lib\site-packages\starlette\middleware\exceptions.py", line 65, in __call__
    await wrap_app_handling_exceptions(self.app, conn)(scope, receive, send)
  File "C:\Users\Administrator\Desktop\geo-map-updated\venv\Lib\site-packages\starlette\_exception_handler.py", line 64, in wrapped_app
    raise exc
  File "C:\Users\Administrator\Desktop\geo-map-updated\venv\Lib\site-packages\starlette\_exception_handler.py", line 53, in wrapped_app
    await app(scope, receive, sender)
  File "C:\Users\Administrator\Desktop\geo-map-updated\venv\Lib\site-packages\starlette\routing.py", line 756, in __call__
    await self.middleware_stack(scope, receive, send)
  File "C:\Users\Administrator\Desktop\geo-map-updated\venv\Lib\site-packages\starlette\routing.py", line 776, in app
    await route.handle(scope, receive, send)
  File "C:\Users\Administrator\Desktop\geo-map-updated\venv\Lib\site-packages\starlette\routing.py", line 297, in handle
    await self.app(scope, receive, send)
  File "C:\Users\Administrator\Desktop\geo-map-updated\venv\Lib\site-packages\starlette\routing.py", line 77, in app
    await wrap_app_handling_exceptions(app, request)(scope, receive, send)
  File "C:\Users\Administrator\Desktop\geo-map-updated\venv\Lib\site-packages\starlette\_exception_handler.py", line 75, in wrapped_app
    response = await handler(conn, exc)
               ^^^^^^^^^^^^^^^^^^^^^^^^
  File "C:\Users\Administrator\Desktop\geo-map-updated\app\main.py", line 199, in validation_exception_handler
    return JSONResponse(
           ^^^^^^^^^^^^^
  File "C:\Users\Administrator\Desktop\geo-map-updated\venv\Lib\site-packages\starlette\responses.py", line 184, in __init__
    super().__init__(content, status_code, headers, media_type, background)
  File "C:\Users\Administrator\Desktop\geo-map-updated\venv\Lib\site-packages\starlette\responses.py", line 41, in __init__
    self.body = self.render(content)
                ^^^^^^^^^^^^^^^^^^^^
  File "C:\Users\Administrator\Desktop\geo-map-updated\venv\Lib\site-packages\starlette\responses.py", line 187, in render
    return json.dumps(
           ^^^^^^^^^^^
  File "C:\Users\Administrator\AppData\Local\Programs\Python\Python311\Lib\json\__init__.py", line 238, in dumps
    **kw).encode(obj)
          ^^^^^^^^^^^
  File "C:\Users\Administrator\AppData\Local\Programs\Python\Python311\Lib\json\encoder.py", line 200, in encode
    chunks = self.iterencode(o, _one_shot=True)
             ^^^^^^^^^^^^^^^^^^^^^^^^^^^^^^^^^^
  File "C:\Users\Administrator\AppData\Local\Programs\Python\Python311\Lib\json\encoder.py", line 258, in iterencode
    return _iterencode(o, 0)
           ^^^^^^^^^^^^^^^^^
  File "C:\Users\Administrator\AppData\Local\Programs\Python\Python311\Lib\json\encoder.py", line 180, in default
    raise TypeError(f'Object of type {o.__class__.__name__} '
TypeError: Object of type ValueError is not JSON serializable
2026-06-23 16:40:53,327 | CRASH | crash_detector | UNHANDLED EXCEPTION: ProgrammingError
Path: GET /api/v1/visits/stats
User-Agent: Mozilla/5.0 (Windows NT 10.0; Win64; x64) AppleWebKit/537.36 (KHTML, like Gecko) Chrome/149.0.0.0 Safari/537.36
Error: (psycopg2.errors.UndefinedColumn) column "primary_type" does not exist
LINE 2:             SELECT COALESCE(primary_type, 'unknown') as cate...
                                    ^

[SQL: 
            SELECT COALESCE(primary_type, 'unknown') as category, COUNT(*) as cnt
            FROM place_visit_logs
            WHERE user_id = %(uid)s
            GROUP BY category
            ORDER BY cnt DESC
        ]
[parameters: {'uid': 1}]
(Background on this error at: https://sqlalche.me/e/20/f405)
Traceback: Traceback (most recent call last):
  File "C:\Users\Administrator\Desktop\geo-map-updated\venv\Lib\site-packages\sqlalchemy\engine\base.py", line 1967, in _exec_single_context
    self.dialect.do_execute(
  File "C:\Users\Administrator\Desktop\geo-map-updated\venv\Lib\site-packages\sqlalchemy\engine\default.py", line 924, in do_execute
    cursor.execute(statement, parameters)
psycopg2.errors.UndefinedColumn: column "primary_type" does not exist
LINE 2:             SELECT COALESCE(primary_type, 'unknown') as cate...
                                    ^


The above exception was the direct cause of the following exception:

Traceback (most recent call last):
  File "C:\Users\Administrator\Desktop\geo-map-updated\venv\Lib\site-packages\starlette\middleware\errors.py", line 164, in __call__
    await self.app(scope, receive, _send)
  File "C:\Users\Administrator\Desktop\geo-map-updated\venv\Lib\site-packages\starlette\middleware\base.py", line 189, in __call__
    with collapse_excgroups():
  File "C:\Users\Administrator\AppData\Local\Programs\Python\Python311\Lib\contextlib.py", line 158, in __exit__
    self.gen.throw(typ, value, traceback)
  File "C:\Users\Administrator\Desktop\geo-map-updated\venv\Lib\site-packages\starlette\_utils.py", line 93, in collapse_excgroups
    raise exc
  File "C:\Users\Administrator\Desktop\geo-map-updated\venv\Lib\site-packages\starlette\middleware\base.py", line 191, in __call__
    response = await self.dispatch_func(request, call_next)
               ^^^^^^^^^^^^^^^^^^^^^^^^^^^^^^^^^^^^^^^^^^^^
  File "C:\Users\Administrator\Desktop\geo-map-updated\venv\Lib\site-packages\slowapi\middleware.py", line 136, in dispatch
    response = await call_next(request)
               ^^^^^^^^^^^^^^^^^^^^^^^^
  File "C:\Users\Administrator\Desktop\geo-map-updated\venv\Lib\site-packages\starlette\middleware\base.py", line 165, in call_next
    raise app_exc
  File "C:\Users\Administrator\Desktop\geo-map-updated\venv\Lib\site-packages\starlette\middleware\base.py", line 151, in coro
    await self.app(scope, receive_or_disconnect, send_no_error)
  File "C:\Users\Administrator\Desktop\geo-map-updated\venv\Lib\site-packages\starlette\middleware\cors.py", line 85, in __call__
    await self.app(scope, receive, send)
  File "C:\Users\Administrator\Desktop\geo-map-updated\venv\Lib\site-packages\starlette\middleware\exceptions.py", line 65, in __call__
    await wrap_app_handling_exceptions(self.app, conn)(scope, receive, send)
  File "C:\Users\Administrator\Desktop\geo-map-updated\venv\Lib\site-packages\starlette\_exception_handler.py", line 64, in wrapped_app
    raise exc
  File "C:\Users\Administrator\Desktop\geo-map-updated\venv\Lib\site-packages\starlette\_exception_handler.py", line 53, in wrapped_app
    await app(scope, receive, sender)
  File "C:\Users\Administrator\Desktop\geo-map-updated\venv\Lib\site-packages\starlette\routing.py", line 756, in __call__
    await self.middleware_stack(scope, receive, send)
  File "C:\Users\Administrator\Desktop\geo-map-updated\venv\Lib\site-packages\starlette\routing.py", line 776, in app
    await route.handle(scope, receive, send)
  File "C:\Users\Administrator\Desktop\geo-map-updated\venv\Lib\site-packages\starlette\routing.py", line 297, in handle
    await self.app(scope, receive, send)
  File "C:\Users\Administrator\Desktop\geo-map-updated\venv\Lib\site-packages\starlette\routing.py", line 77, in app
    await wrap_app_handling_exceptions(app, request)(scope, receive, send)
  File "C:\Users\Administrator\Desktop\geo-map-updated\venv\Lib\site-packages\starlette\_exception_handler.py", line 64, in wrapped_app
    raise exc
  File "C:\Users\Administrator\Desktop\geo-map-updated\venv\Lib\site-packages\starlette\_exception_handler.py", line 53, in wrapped_app
    await app(scope, receive, sender)
  File "C:\Users\Administrator\Desktop\geo-map-updated\venv\Lib\site-packages\starlette\routing.py", line 72, in app
    response = await func(request)
               ^^^^^^^^^^^^^^^^^^^
  File "C:\Users\Administrator\Desktop\geo-map-updated\venv\Lib\site-packages\fastapi\routing.py", line 278, in app
    raw_response = await run_endpoint_function(
                   ^^^^^^^^^^^^^^^^^^^^^^^^^^^^
  File "C:\Users\Administrator\Desktop\geo-map-updated\venv\Lib\site-packages\fastapi\routing.py", line 191, in run_endpoint_function
    return await dependant.call(**values)
           ^^^^^^^^^^^^^^^^^^^^^^^^^^^^^^
  File "C:\Users\Administrator\Desktop\geo-map-updated\venv\Lib\site-packages\slowapi\extension.py", line 734, in async_wrapper
    response = await func(*args, **kwargs)  # type: ignore
               ^^^^^^^^^^^^^^^^^^^^^^^^^^^
  File "C:\Users\Administrator\Desktop\geo-map-updated\app\api\v1\visits.py", line 137, in visit_stats
    stats = await service.get_stats(user_id=current_user.id)
            ^^^^^^^^^^^^^^^^^^^^^^^^^^^^^^^^^^^^^^^^^^^^^^^^
  File "C:\Users\Administrator\Desktop\geo-map-updated\app\services\visit_service.py", line 106, in get_stats
    return self.repo.get_stats(user_id)
           ^^^^^^^^^^^^^^^^^^^^^^^^^^^^
  File "C:\Users\Administrator\Desktop\geo-map-updated\app\repositories\visit_repository.py", line 133, in get_stats
    for row in self.db.execute(cat_sql, {"uid": user_id}).fetchall():
               ^^^^^^^^^^^^^^^^^^^^^^^^^^^^^^^^^^^^^^^^^^
  File "C:\Users\Administrator\Desktop\geo-map-updated\venv\Lib\site-packages\sqlalchemy\orm\session.py", line 2351, in execute
    return self._execute_internal(
           ^^^^^^^^^^^^^^^^^^^^^^^
  File "C:\Users\Administrator\Desktop\geo-map-updated\venv\Lib\site-packages\sqlalchemy\orm\session.py", line 2245, in _execute_internal
    result = conn.execute(
             ^^^^^^^^^^^^^
  File "C:\Users\Administrator\Desktop\geo-map-updated\venv\Lib\site-packages\sqlalchemy\engine\base.py", line 1418, in execute
    return meth(
           ^^^^^
  File "C:\Users\Administrator\Desktop\geo-map-updated\venv\Lib\site-packages\sqlalchemy\sql\elements.py", line 515, in _execute_on_connection
    return connection._execute_clauseelement(
           ^^^^^^^^^^^^^^^^^^^^^^^^^^^^^^^^^^
  File "C:\Users\Administrator\Desktop\geo-map-updated\venv\Lib\site-packages\sqlalchemy\engine\base.py", line 1640, in _execute_clauseelement
    ret = self._execute_context(
          ^^^^^^^^^^^^^^^^^^^^^^
  File "C:\Users\Administrator\Desktop\geo-map-updated\venv\Lib\site-packages\sqlalchemy\engine\base.py", line 1846, in _execute_context
    return self._exec_single_context(
           ^^^^^^^^^^^^^^^^^^^^^^^^^^
  File "C:\Users\Administrator\Desktop\geo-map-updated\venv\Lib\site-packages\sqlalchemy\engine\base.py", line 1986, in _exec_single_context
    self._handle_dbapi_exception(
  File "C:\Users\Administrator\Desktop\geo-map-updated\venv\Lib\site-packages\sqlalchemy\engine\base.py", line 2353, in _handle_dbapi_exception
    raise sqlalchemy_exception.with_traceback(exc_info[2]) from e
  File "C:\Users\Administrator\Desktop\geo-map-updated\venv\Lib\site-packages\sqlalchemy\engine\base.py", line 1967, in _exec_single_context
    self.dialect.do_execute(
  File "C:\Users\Administrator\Desktop\geo-map-updated\venv\Lib\site-packages\sqlalchemy\engine\default.py", line 924, in do_execute
    cursor.execute(statement, parameters)
sqlalchemy.exc.ProgrammingError: (psycopg2.errors.UndefinedColumn) column "primary_type" does not exist
LINE 2:             SELECT COALESCE(primary_type, 'unknown') as cate...
                                    ^

[SQL: 
            SELECT COALESCE(primary_type, 'unknown') as category, COUNT(*) as cnt
            FROM place_visit_logs
            WHERE user_id = %(uid)s
            GROUP BY category
            ORDER BY cnt DESC
        ]
[parameters: {'uid': 1}]
(Background on this error at: https://sqlalche.me/e/20/f405)

(<class 'sqlalchemy.exc.ProgrammingError'>, ProgrammingError('(psycopg2.errors.UndefinedColumn) column "primary_type" does not exist\nLINE 2:             SELECT COALESCE(primary_type, \'unknown\') as cate...\n                                    ^\n'), <traceback object at 0x000001CC7E512880>)
Traceback (most recent call last):
  File "C:\Users\Administrator\Desktop\geo-map-updated\venv\Lib\site-packages\sqlalchemy\engine\base.py", line 1967, in _exec_single_context
    self.dialect.do_execute(
  File "C:\Users\Administrator\Desktop\geo-map-updated\venv\Lib\site-packages\sqlalchemy\engine\default.py", line 924, in do_execute
    cursor.execute(statement, parameters)
psycopg2.errors.UndefinedColumn: column "primary_type" does not exist
LINE 2:             SELECT COALESCE(primary_type, 'unknown') as cate...
                                    ^


The above exception was the direct cause of the following exception:

Traceback (most recent call last):
  File "C:\Users\Administrator\Desktop\geo-map-updated\venv\Lib\site-packages\starlette\middleware\errors.py", line 164, in __call__
    await self.app(scope, receive, _send)
  File "C:\Users\Administrator\Desktop\geo-map-updated\venv\Lib\site-packages\starlette\middleware\base.py", line 189, in __call__
    with collapse_excgroups():
  File "C:\Users\Administrator\AppData\Local\Programs\Python\Python311\Lib\contextlib.py", line 158, in __exit__
    self.gen.throw(typ, value, traceback)
  File "C:\Users\Administrator\Desktop\geo-map-updated\venv\Lib\site-packages\starlette\_utils.py", line 93, in collapse_excgroups
    raise exc
  File "C:\Users\Administrator\Desktop\geo-map-updated\venv\Lib\site-packages\starlette\middleware\base.py", line 191, in __call__
    response = await self.dispatch_func(request, call_next)
               ^^^^^^^^^^^^^^^^^^^^^^^^^^^^^^^^^^^^^^^^^^^^
  File "C:\Users\Administrator\Desktop\geo-map-updated\venv\Lib\site-packages\slowapi\middleware.py", line 136, in dispatch
    response = await call_next(request)
               ^^^^^^^^^^^^^^^^^^^^^^^^
  File "C:\Users\Administrator\Desktop\geo-map-updated\venv\Lib\site-packages\starlette\middleware\base.py", line 165, in call_next
    raise app_exc
  File "C:\Users\Administrator\Desktop\geo-map-updated\venv\Lib\site-packages\starlette\middleware\base.py", line 151, in coro
    await self.app(scope, receive_or_disconnect, send_no_error)
  File "C:\Users\Administrator\Desktop\geo-map-updated\venv\Lib\site-packages\starlette\middleware\cors.py", line 85, in __call__
    await self.app(scope, receive, send)
  File "C:\Users\Administrator\Desktop\geo-map-updated\venv\Lib\site-packages\starlette\middleware\exceptions.py", line 65, in __call__
    await wrap_app_handling_exceptions(self.app, conn)(scope, receive, send)
  File "C:\Users\Administrator\Desktop\geo-map-updated\venv\Lib\site-packages\starlette\_exception_handler.py", line 64, in wrapped_app
    raise exc
  File "C:\Users\Administrator\Desktop\geo-map-updated\venv\Lib\site-packages\starlette\_exception_handler.py", line 53, in wrapped_app
    await app(scope, receive, sender)
  File "C:\Users\Administrator\Desktop\geo-map-updated\venv\Lib\site-packages\starlette\routing.py", line 756, in __call__
    await self.middleware_stack(scope, receive, send)
  File "C:\Users\Administrator\Desktop\geo-map-updated\venv\Lib\site-packages\starlette\routing.py", line 776, in app
    await route.handle(scope, receive, send)
  File "C:\Users\Administrator\Desktop\geo-map-updated\venv\Lib\site-packages\starlette\routing.py", line 297, in handle
    await self.app(scope, receive, send)
  File "C:\Users\Administrator\Desktop\geo-map-updated\venv\Lib\site-packages\starlette\routing.py", line 77, in app
    await wrap_app_handling_exceptions(app, request)(scope, receive, send)
  File "C:\Users\Administrator\Desktop\geo-map-updated\venv\Lib\site-packages\starlette\_exception_handler.py", line 64, in wrapped_app
    raise exc
  File "C:\Users\Administrator\Desktop\geo-map-updated\venv\Lib\site-packages\starlette\_exception_handler.py", line 53, in wrapped_app
    await app(scope, receive, sender)
  File "C:\Users\Administrator\Desktop\geo-map-updated\venv\Lib\site-packages\starlette\routing.py", line 72, in app
    response = await func(request)
               ^^^^^^^^^^^^^^^^^^^
  File "C:\Users\Administrator\Desktop\geo-map-updated\venv\Lib\site-packages\fastapi\routing.py", line 278, in app
    raw_response = await run_endpoint_function(
                   ^^^^^^^^^^^^^^^^^^^^^^^^^^^^
  File "C:\Users\Administrator\Desktop\geo-map-updated\venv\Lib\site-packages\fastapi\routing.py", line 191, in run_endpoint_function
    return await dependant.call(**values)
           ^^^^^^^^^^^^^^^^^^^^^^^^^^^^^^
  File "C:\Users\Administrator\Desktop\geo-map-updated\venv\Lib\site-packages\slowapi\extension.py", line 734, in async_wrapper
    response = await func(*args, **kwargs)  # type: ignore
               ^^^^^^^^^^^^^^^^^^^^^^^^^^^
  File "C:\Users\Administrator\Desktop\geo-map-updated\app\api\v1\visits.py", line 137, in visit_stats
    stats = await service.get_stats(user_id=current_user.id)
            ^^^^^^^^^^^^^^^^^^^^^^^^^^^^^^^^^^^^^^^^^^^^^^^^
  File "C:\Users\Administrator\Desktop\geo-map-updated\app\services\visit_service.py", line 106, in get_stats
    return self.repo.get_stats(user_id)
           ^^^^^^^^^^^^^^^^^^^^^^^^^^^^
  File "C:\Users\Administrator\Desktop\geo-map-updated\app\repositories\visit_repository.py", line 133, in get_stats
    for row in self.db.execute(cat_sql, {"uid": user_id}).fetchall():
               ^^^^^^^^^^^^^^^^^^^^^^^^^^^^^^^^^^^^^^^^^^
  File "C:\Users\Administrator\Desktop\geo-map-updated\venv\Lib\site-packages\sqlalchemy\orm\session.py", line 2351, in execute
    return self._execute_internal(
           ^^^^^^^^^^^^^^^^^^^^^^^
  File "C:\Users\Administrator\Desktop\geo-map-updated\venv\Lib\site-packages\sqlalchemy\orm\session.py", line 2245, in _execute_internal
    result = conn.execute(
             ^^^^^^^^^^^^^
  File "C:\Users\Administrator\Desktop\geo-map-updated\venv\Lib\site-packages\sqlalchemy\engine\base.py", line 1418, in execute
    return meth(
           ^^^^^
  File "C:\Users\Administrator\Desktop\geo-map-updated\venv\Lib\site-packages\sqlalchemy\sql\elements.py", line 515, in _execute_on_connection
    return connection._execute_clauseelement(
           ^^^^^^^^^^^^^^^^^^^^^^^^^^^^^^^^^^
  File "C:\Users\Administrator\Desktop\geo-map-updated\venv\Lib\site-packages\sqlalchemy\engine\base.py", line 1640, in _execute_clauseelement
    ret = self._execute_context(
          ^^^^^^^^^^^^^^^^^^^^^^
  File "C:\Users\Administrator\Desktop\geo-map-updated\venv\Lib\site-packages\sqlalchemy\engine\base.py", line 1846, in _execute_context
    return self._exec_single_context(
           ^^^^^^^^^^^^^^^^^^^^^^^^^^
  File "C:\Users\Administrator\Desktop\geo-map-updated\venv\Lib\site-packages\sqlalchemy\engine\base.py", line 1986, in _exec_single_context
    self._handle_dbapi_exception(
  File "C:\Users\Administrator\Desktop\geo-map-updated\venv\Lib\site-packages\sqlalchemy\engine\base.py", line 2353, in _handle_dbapi_exception
    raise sqlalchemy_exception.with_traceback(exc_info[2]) from e
  File "C:\Users\Administrator\Desktop\geo-map-updated\venv\Lib\site-packages\sqlalchemy\engine\base.py", line 1967, in _exec_single_context
    self.dialect.do_execute(
  File "C:\Users\Administrator\Desktop\geo-map-updated\venv\Lib\site-packages\sqlalchemy\engine\default.py", line 924, in do_execute
    cursor.execute(statement, parameters)
sqlalchemy.exc.ProgrammingError: (psycopg2.errors.UndefinedColumn) column "primary_type" does not exist
LINE 2:             SELECT COALESCE(primary_type, 'unknown') as cate...
                                    ^

[SQL: 
            SELECT COALESCE(primary_type, 'unknown') as category, COUNT(*) as cnt
            FROM place_visit_logs
            WHERE user_id = %(uid)s
            GROUP BY category
            ORDER BY cnt DESC
        ]
[parameters: {'uid': 1}]
(Background on this error at: https://sqlalche.me/e/20/f405)
2026-06-24 12:55:50,735 | CRASH | crash_detector | UNHANDLED EXCEPTION: TypeError
Path: POST /api/v1/auth/signup
User-Agent: Mozilla/5.0 (Windows NT 10.0; Win64; x64) AppleWebKit/537.36 (KHTML, like Gecko) Chrome/149.0.0.0 Safari/537.36
Error: Object of type ValueError is not JSON serializable
Traceback:   + Exception Group Traceback (most recent call last):
  |   File "C:\Users\Administrator\Desktop\geo-map-updated\venv\Lib\site-packages\starlette\_utils.py", line 87, in collapse_excgroups
  |     yield
  |   File "C:\Users\Administrator\Desktop\geo-map-updated\venv\Lib\site-packages\starlette\middleware\base.py", line 190, in __call__
  |     async with anyio.create_task_group() as task_group:
  |   File "C:\Users\Administrator\Desktop\geo-map-updated\venv\Lib\site-packages\anyio\_backends\_asyncio.py", line 811, in __aexit__
  |     raise BaseExceptionGroup(
  | ExceptionGroup: unhandled errors in a TaskGroup (1 sub-exception)
  +-+---------------- 1 ----------------
    | Traceback (most recent call last):
    |   File "C:\Users\Administrator\Desktop\geo-map-updated\venv\Lib\site-packages\starlette\middleware\errors.py", line 164, in __call__
    |     await self.app(scope, receive, _send)
    |   File "C:\Users\Administrator\Desktop\geo-map-updated\venv\Lib\site-packages\starlette\middleware\base.py", line 189, in __call__
    |     with collapse_excgroups():
    |   File "C:\Users\Administrator\AppData\Local\Programs\Python\Python311\Lib\contextlib.py", line 158, in __exit__
    |     self.gen.throw(typ, value, traceback)
    |   File "C:\Users\Administrator\Desktop\geo-map-updated\venv\Lib\site-packages\starlette\_utils.py", line 93, in collapse_excgroups
    |     raise exc
    |   File "C:\Users\Administrator\Desktop\geo-map-updated\venv\Lib\site-packages\starlette\middleware\base.py", line 191, in __call__
    |     response = await self.dispatch_func(request, call_next)
    |                ^^^^^^^^^^^^^^^^^^^^^^^^^^^^^^^^^^^^^^^^^^^^
    |   File "C:\Users\Administrator\Desktop\geo-map-updated\venv\Lib\site-packages\slowapi\middleware.py", line 128, in dispatch
    |     return await call_next(request)
    |            ^^^^^^^^^^^^^^^^^^^^^^^^
    |   File "C:\Users\Administrator\Desktop\geo-map-updated\venv\Lib\site-packages\starlette\middleware\base.py", line 165, in call_next
    |     raise app_exc
    |   File "C:\Users\Administrator\Desktop\geo-map-updated\venv\Lib\site-packages\starlette\middleware\base.py", line 151, in coro
    |     await self.app(scope, receive_or_disconnect, send_no_error)
    |   File "C:\Users\Administrator\Desktop\geo-map-updated\venv\Lib\site-packages\starlette\middleware\cors.py", line 93, in __call__
    |     await self.simple_response(scope, receive, send, request_headers=headers)
    |   File "C:\Users\Administrator\Desktop\geo-map-updated\venv\Lib\site-packages\starlette\middleware\cors.py", line 148, in simple_response
    |     await self.app(scope, receive, send)
    |   File "C:\Users\Administrator\Desktop\geo-map-updated\venv\Lib\site-packages\starlette\middleware\exceptions.py", line 65, in __call__
    |     await wrap_app_handling_exceptions(self.app, conn)(scope, receive, send)
    |   File "C:\Users\Administrator\Desktop\geo-map-updated\venv\Lib\site-packages\starlette\_exception_handler.py", line 64, in wrapped_app
    |     raise exc
    |   File "C:\Users\Administrator\Desktop\geo-map-updated\venv\Lib\site-packages\starlette\_exception_handler.py", line 53, in wrapped_app
    |     await app(scope, receive, sender)
    |   File "C:\Users\Administrator\Desktop\geo-map-updated\venv\Lib\site-packages\starlette\routing.py", line 756, in __call__
    |     await self.middleware_stack(scope, receive, send)
    |   File "C:\Users\Administrator\Desktop\geo-map-updated\venv\Lib\site-packages\starlette\routing.py", line 776, in app
    |     await route.handle(scope, receive, send)
    |   File "C:\Users\Administrator\Desktop\geo-map-updated\venv\Lib\site-packages\starlette\routing.py", line 297, in handle
    |     await self.app(scope, receive, send)
    |   File "C:\Users\Administrator\Desktop\geo-map-updated\venv\Lib\site-packages\starlette\routing.py", line 77, in app
    |     await wrap_app_handling_exceptions(app, request)(scope, receive, send)
    |   File "C:\Users\Administrator\Desktop\geo-map-updated\venv\Lib\site-packages\starlette\_exception_handler.py", line 75, in wrapped_app
    |     response = await handler(conn, exc)
    |                ^^^^^^^^^^^^^^^^^^^^^^^^
    |   File "C:\Users\Administrator\Desktop\geo-map-updated\app\main.py", line 199, in validation_exception_handler
    |     return JSONResponse(
    |            ^^^^^^^^^^^^^
    |   File "C:\Users\Administrator\Desktop\geo-map-updated\venv\Lib\site-packages\starlette\responses.py", line 184, in __init__
    |     super().__init__(content, status_code, headers, media_type, background)
    |   File "C:\Users\Administrator\Desktop\geo-map-updated\venv\Lib\site-packages\starlette\responses.py", line 41, in __init__
    |     self.body = self.render(content)
    |                 ^^^^^^^^^^^^^^^^^^^^
    |   File "C:\Users\Administrator\Desktop\geo-map-updated\venv\Lib\site-packages\starlette\responses.py", line 187, in render
    |     return json.dumps(
    |            ^^^^^^^^^^^
    |   File "C:\Users\Administrator\AppData\Local\Programs\Python\Python311\Lib\json\__init__.py", line 238, in dumps
    |     **kw).encode(obj)
    |           ^^^^^^^^^^^
    |   File "C:\Users\Administrator\AppData\Local\Programs\Python\Python311\Lib\json\encoder.py", line 200, in encode
    |     chunks = self.iterencode(o, _one_shot=True)
    |              ^^^^^^^^^^^^^^^^^^^^^^^^^^^^^^^^^^
    |   File "C:\Users\Administrator\AppData\Local\Programs\Python\Python311\Lib\json\encoder.py", line 258, in iterencode
    |     return _iterencode(o, 0)
    |            ^^^^^^^^^^^^^^^^^
    |   File "C:\Users\Administrator\AppData\Local\Programs\Python\Python311\Lib\json\encoder.py", line 180, in default
    |     raise TypeError(f'Object of type {o.__class__.__name__} '
    | TypeError: Object of type ValueError is not JSON serializable
    +------------------------------------

During handling of the above exception, another exception occurred:

Traceback (most recent call last):
  File "C:\Users\Administrator\Desktop\geo-map-updated\venv\Lib\site-packages\starlette\middleware\errors.py", line 164, in __call__
    await self.app(scope, receive, _send)
  File "C:\Users\Administrator\Desktop\geo-map-updated\venv\Lib\site-packages\starlette\middleware\base.py", line 189, in __call__
    with collapse_excgroups():
  File "C:\Users\Administrator\AppData\Local\Programs\Python\Python311\Lib\contextlib.py", line 158, in __exit__
    self.gen.throw(typ, value, traceback)
  File "C:\Users\Administrator\Desktop\geo-map-updated\venv\Lib\site-packages\starlette\_utils.py", line 93, in collapse_excgroups
    raise exc
  File "C:\Users\Administrator\Desktop\geo-map-updated\venv\Lib\site-packages\starlette\middleware\base.py", line 191, in __call__
    response = await self.dispatch_func(request, call_next)
               ^^^^^^^^^^^^^^^^^^^^^^^^^^^^^^^^^^^^^^^^^^^^
  File "C:\Users\Administrator\Desktop\geo-map-updated\venv\Lib\site-packages\slowapi\middleware.py", line 128, in dispatch
    return await call_next(request)
           ^^^^^^^^^^^^^^^^^^^^^^^^
  File "C:\Users\Administrator\Desktop\geo-map-updated\venv\Lib\site-packages\starlette\middleware\base.py", line 165, in call_next
    raise app_exc
  File "C:\Users\Administrator\Desktop\geo-map-updated\venv\Lib\site-packages\starlette\middleware\base.py", line 151, in coro
    await self.app(scope, receive_or_disconnect, send_no_error)
  File "C:\Users\Administrator\Desktop\geo-map-updated\venv\Lib\site-packages\starlette\middleware\cors.py", line 93, in __call__
    await self.simple_response(scope, receive, send, request_headers=headers)
  File "C:\Users\Administrator\Desktop\geo-map-updated\venv\Lib\site-packages\starlette\middleware\cors.py", line 148, in simple_response
    await self.app(scope, receive, send)
  File "C:\Users\Administrator\Desktop\geo-map-updated\venv\Lib\site-packages\starlette\middleware\exceptions.py", line 65, in __call__
    await wrap_app_handling_exceptions(self.app, conn)(scope, receive, send)
  File "C:\Users\Administrator\Desktop\geo-map-updated\venv\Lib\site-packages\starlette\_exception_handler.py", line 64, in wrapped_app
    raise exc
  File "C:\Users\Administrator\Desktop\geo-map-updated\venv\Lib\site-packages\starlette\_exception_handler.py", line 53, in wrapped_app
    await app(scope, receive, sender)
  File "C:\Users\Administrator\Desktop\geo-map-updated\venv\Lib\site-packages\starlette\routing.py", line 756, in __call__
    await self.middleware_stack(scope, receive, send)
  File "C:\Users\Administrator\Desktop\geo-map-updated\venv\Lib\site-packages\starlette\routing.py", line 776, in app
    await route.handle(scope, receive, send)
  File "C:\Users\Administrator\Desktop\geo-map-updated\venv\Lib\site-packages\starlette\routing.py", line 297, in handle
    await self.app(scope, receive, send)
  File "C:\Users\Administrator\Desktop\geo-map-updated\venv\Lib\site-packages\starlette\routing.py", line 77, in app
    await wrap_app_handling_exceptions(app, request)(scope, receive, send)
  File "C:\Users\Administrator\Desktop\geo-map-updated\venv\Lib\site-packages\starlette\_exception_handler.py", line 75, in wrapped_app
    response = await handler(conn, exc)
               ^^^^^^^^^^^^^^^^^^^^^^^^
  File "C:\Users\Administrator\Desktop\geo-map-updated\app\main.py", line 199, in validation_exception_handler
    return JSONResponse(
           ^^^^^^^^^^^^^
  File "C:\Users\Administrator\Desktop\geo-map-updated\venv\Lib\site-packages\starlette\responses.py", line 184, in __init__
    super().__init__(content, status_code, headers, media_type, background)
  File "C:\Users\Administrator\Desktop\geo-map-updated\venv\Lib\site-packages\starlette\responses.py", line 41, in __init__
    self.body = self.render(content)
                ^^^^^^^^^^^^^^^^^^^^
  File "C:\Users\Administrator\Desktop\geo-map-updated\venv\Lib\site-packages\starlette\responses.py", line 187, in render
    return json.dumps(
           ^^^^^^^^^^^
  File "C:\Users\Administrator\AppData\Local\Programs\Python\Python311\Lib\json\__init__.py", line 238, in dumps
    **kw).encode(obj)
          ^^^^^^^^^^^
  File "C:\Users\Administrator\AppData\Local\Programs\Python\Python311\Lib\json\encoder.py", line 200, in encode
    chunks = self.iterencode(o, _one_shot=True)
             ^^^^^^^^^^^^^^^^^^^^^^^^^^^^^^^^^^
  File "C:\Users\Administrator\AppData\Local\Programs\Python\Python311\Lib\json\encoder.py", line 258, in iterencode
    return _iterencode(o, 0)
           ^^^^^^^^^^^^^^^^^
  File "C:\Users\Administrator\AppData\Local\Programs\Python\Python311\Lib\json\encoder.py", line 180, in default
    raise TypeError(f'Object of type {o.__class__.__name__} '
TypeError: Object of type ValueError is not JSON serializable

(<class 'TypeError'>, TypeError('Object of type ValueError is not JSON serializable'), <traceback object at 0x0000015840080A80>)
  + Exception Group Traceback (most recent call last):
  |   File "C:\Users\Administrator\Desktop\geo-map-updated\venv\Lib\site-packages\starlette\_utils.py", line 87, in collapse_excgroups
  |     yield
  |   File "C:\Users\Administrator\Desktop\geo-map-updated\venv\Lib\site-packages\starlette\middleware\base.py", line 190, in __call__
  |     async with anyio.create_task_group() as task_group:
  |   File "C:\Users\Administrator\Desktop\geo-map-updated\venv\Lib\site-packages\anyio\_backends\_asyncio.py", line 811, in __aexit__
  |     raise BaseExceptionGroup(
  | ExceptionGroup: unhandled errors in a TaskGroup (1 sub-exception)
  +-+---------------- 1 ----------------
    | Traceback (most recent call last):
    |   File "C:\Users\Administrator\Desktop\geo-map-updated\venv\Lib\site-packages\starlette\middleware\errors.py", line 164, in __call__
    |     await self.app(scope, receive, _send)
    |   File "C:\Users\Administrator\Desktop\geo-map-updated\venv\Lib\site-packages\starlette\middleware\base.py", line 189, in __call__
    |     with collapse_excgroups():
    |   File "C:\Users\Administrator\AppData\Local\Programs\Python\Python311\Lib\contextlib.py", line 158, in __exit__
    |     self.gen.throw(typ, value, traceback)
    |   File "C:\Users\Administrator\Desktop\geo-map-updated\venv\Lib\site-packages\starlette\_utils.py", line 93, in collapse_excgroups
    |     raise exc
    |   File "C:\Users\Administrator\Desktop\geo-map-updated\venv\Lib\site-packages\starlette\middleware\base.py", line 191, in __call__
    |     response = await self.dispatch_func(request, call_next)
    |                ^^^^^^^^^^^^^^^^^^^^^^^^^^^^^^^^^^^^^^^^^^^^
    |   File "C:\Users\Administrator\Desktop\geo-map-updated\venv\Lib\site-packages\slowapi\middleware.py", line 128, in dispatch
    |     return await call_next(request)
    |            ^^^^^^^^^^^^^^^^^^^^^^^^
    |   File "C:\Users\Administrator\Desktop\geo-map-updated\venv\Lib\site-packages\starlette\middleware\base.py", line 165, in call_next
    |     raise app_exc
    |   File "C:\Users\Administrator\Desktop\geo-map-updated\venv\Lib\site-packages\starlette\middleware\base.py", line 151, in coro
    |     await self.app(scope, receive_or_disconnect, send_no_error)
    |   File "C:\Users\Administrator\Desktop\geo-map-updated\venv\Lib\site-packages\starlette\middleware\cors.py", line 93, in __call__
    |     await self.simple_response(scope, receive, send, request_headers=headers)
    |   File "C:\Users\Administrator\Desktop\geo-map-updated\venv\Lib\site-packages\starlette\middleware\cors.py", line 148, in simple_response
    |     await self.app(scope, receive, send)
    |   File "C:\Users\Administrator\Desktop\geo-map-updated\venv\Lib\site-packages\starlette\middleware\exceptions.py", line 65, in __call__
    |     await wrap_app_handling_exceptions(self.app, conn)(scope, receive, send)
    |   File "C:\Users\Administrator\Desktop\geo-map-updated\venv\Lib\site-packages\starlette\_exception_handler.py", line 64, in wrapped_app
    |     raise exc
    |   File "C:\Users\Administrator\Desktop\geo-map-updated\venv\Lib\site-packages\starlette\_exception_handler.py", line 53, in wrapped_app
    |     await app(scope, receive, sender)
    |   File "C:\Users\Administrator\Desktop\geo-map-updated\venv\Lib\site-packages\starlette\routing.py", line 756, in __call__
    |     await self.middleware_stack(scope, receive, send)
    |   File "C:\Users\Administrator\Desktop\geo-map-updated\venv\Lib\site-packages\starlette\routing.py", line 776, in app
    |     await route.handle(scope, receive, send)
    |   File "C:\Users\Administrator\Desktop\geo-map-updated\venv\Lib\site-packages\starlette\routing.py", line 297, in handle
    |     await self.app(scope, receive, send)
    |   File "C:\Users\Administrator\Desktop\geo-map-updated\venv\Lib\site-packages\starlette\routing.py", line 77, in app
    |     await wrap_app_handling_exceptions(app, request)(scope, receive, send)
    |   File "C:\Users\Administrator\Desktop\geo-map-updated\venv\Lib\site-packages\starlette\_exception_handler.py", line 75, in wrapped_app
    |     response = await handler(conn, exc)
    |                ^^^^^^^^^^^^^^^^^^^^^^^^
    |   File "C:\Users\Administrator\Desktop\geo-map-updated\app\main.py", line 199, in validation_exception_handler
    |     return JSONResponse(
    |            ^^^^^^^^^^^^^
    |   File "C:\Users\Administrator\Desktop\geo-map-updated\venv\Lib\site-packages\starlette\responses.py", line 184, in __init__
    |     super().__init__(content, status_code, headers, media_type, background)
    |   File "C:\Users\Administrator\Desktop\geo-map-updated\venv\Lib\site-packages\starlette\responses.py", line 41, in __init__
    |     self.body = self.render(content)
    |                 ^^^^^^^^^^^^^^^^^^^^
    |   File "C:\Users\Administrator\Desktop\geo-map-updated\venv\Lib\site-packages\starlette\responses.py", line 187, in render
    |     return json.dumps(
    |            ^^^^^^^^^^^
    |   File "C:\Users\Administrator\AppData\Local\Programs\Python\Python311\Lib\json\__init__.py", line 238, in dumps
    |     **kw).encode(obj)
    |           ^^^^^^^^^^^
    |   File "C:\Users\Administrator\AppData\Local\Programs\Python\Python311\Lib\json\encoder.py", line 200, in encode
    |     chunks = self.iterencode(o, _one_shot=True)
    |              ^^^^^^^^^^^^^^^^^^^^^^^^^^^^^^^^^^
    |   File "C:\Users\Administrator\AppData\Local\Programs\Python\Python311\Lib\json\encoder.py", line 258, in iterencode
    |     return _iterencode(o, 0)
    |            ^^^^^^^^^^^^^^^^^
    |   File "C:\Users\Administrator\AppData\Local\Programs\Python\Python311\Lib\json\encoder.py", line 180, in default
    |     raise TypeError(f'Object of type {o.__class__.__name__} '
    | TypeError: Object of type ValueError is not JSON serializable
    +------------------------------------

During handling of the above exception, another exception occurred:

Traceback (most recent call last):
  File "C:\Users\Administrator\Desktop\geo-map-updated\venv\Lib\site-packages\starlette\middleware\errors.py", line 164, in __call__
    await self.app(scope, receive, _send)
  File "C:\Users\Administrator\Desktop\geo-map-updated\venv\Lib\site-packages\starlette\middleware\base.py", line 189, in __call__
    with collapse_excgroups():
  File "C:\Users\Administrator\AppData\Local\Programs\Python\Python311\Lib\contextlib.py", line 158, in __exit__
    self.gen.throw(typ, value, traceback)
  File "C:\Users\Administrator\Desktop\geo-map-updated\venv\Lib\site-packages\starlette\_utils.py", line 93, in collapse_excgroups
    raise exc
  File "C:\Users\Administrator\Desktop\geo-map-updated\venv\Lib\site-packages\starlette\middleware\base.py", line 191, in __call__
    response = await self.dispatch_func(request, call_next)
               ^^^^^^^^^^^^^^^^^^^^^^^^^^^^^^^^^^^^^^^^^^^^
  File "C:\Users\Administrator\Desktop\geo-map-updated\venv\Lib\site-packages\slowapi\middleware.py", line 128, in dispatch
    return await call_next(request)
           ^^^^^^^^^^^^^^^^^^^^^^^^
  File "C:\Users\Administrator\Desktop\geo-map-updated\venv\Lib\site-packages\starlette\middleware\base.py", line 165, in call_next
    raise app_exc
  File "C:\Users\Administrator\Desktop\geo-map-updated\venv\Lib\site-packages\starlette\middleware\base.py", line 151, in coro
    await self.app(scope, receive_or_disconnect, send_no_error)
  File "C:\Users\Administrator\Desktop\geo-map-updated\venv\Lib\site-packages\starlette\middleware\cors.py", line 93, in __call__
    await self.simple_response(scope, receive, send, request_headers=headers)
  File "C:\Users\Administrator\Desktop\geo-map-updated\venv\Lib\site-packages\starlette\middleware\cors.py", line 148, in simple_response
    await self.app(scope, receive, send)
  File "C:\Users\Administrator\Desktop\geo-map-updated\venv\Lib\site-packages\starlette\middleware\exceptions.py", line 65, in __call__
    await wrap_app_handling_exceptions(self.app, conn)(scope, receive, send)
  File "C:\Users\Administrator\Desktop\geo-map-updated\venv\Lib\site-packages\starlette\_exception_handler.py", line 64, in wrapped_app
    raise exc
  File "C:\Users\Administrator\Desktop\geo-map-updated\venv\Lib\site-packages\starlette\_exception_handler.py", line 53, in wrapped_app
    await app(scope, receive, sender)
  File "C:\Users\Administrator\Desktop\geo-map-updated\venv\Lib\site-packages\starlette\routing.py", line 756, in __call__
    await self.middleware_stack(scope, receive, send)
  File "C:\Users\Administrator\Desktop\geo-map-updated\venv\Lib\site-packages\starlette\routing.py", line 776, in app
    await route.handle(scope, receive, send)
  File "C:\Users\Administrator\Desktop\geo-map-updated\venv\Lib\site-packages\starlette\routing.py", line 297, in handle
    await self.app(scope, receive, send)
  File "C:\Users\Administrator\Desktop\geo-map-updated\venv\Lib\site-packages\starlette\routing.py", line 77, in app
    await wrap_app_handling_exceptions(app, request)(scope, receive, send)
  File "C:\Users\Administrator\Desktop\geo-map-updated\venv\Lib\site-packages\starlette\_exception_handler.py", line 75, in wrapped_app
    response = await handler(conn, exc)
               ^^^^^^^^^^^^^^^^^^^^^^^^
  File "C:\Users\Administrator\Desktop\geo-map-updated\app\main.py", line 199, in validation_exception_handler
    return JSONResponse(
           ^^^^^^^^^^^^^
  File "C:\Users\Administrator\Desktop\geo-map-updated\venv\Lib\site-packages\starlette\responses.py", line 184, in __init__
    super().__init__(content, status_code, headers, media_type, background)
  File "C:\Users\Administrator\Desktop\geo-map-updated\venv\Lib\site-packages\starlette\responses.py", line 41, in __init__
    self.body = self.render(content)
                ^^^^^^^^^^^^^^^^^^^^
  File "C:\Users\Administrator\Desktop\geo-map-updated\venv\Lib\site-packages\starlette\responses.py", line 187, in render
    return json.dumps(
           ^^^^^^^^^^^
  File "C:\Users\Administrator\AppData\Local\Programs\Python\Python311\Lib\json\__init__.py", line 238, in dumps
    **kw).encode(obj)
          ^^^^^^^^^^^
  File "C:\Users\Administrator\AppData\Local\Programs\Python\Python311\Lib\json\encoder.py", line 200, in encode
    chunks = self.iterencode(o, _one_shot=True)
             ^^^^^^^^^^^^^^^^^^^^^^^^^^^^^^^^^^
  File "C:\Users\Administrator\AppData\Local\Programs\Python\Python311\Lib\json\encoder.py", line 258, in iterencode
    return _iterencode(o, 0)
           ^^^^^^^^^^^^^^^^^
  File "C:\Users\Administrator\AppData\Local\Programs\Python\Python311\Lib\json\encoder.py", line 180, in default
    raise TypeError(f'Object of type {o.__class__.__name__} '
TypeError: Object of type ValueError is not JSON serializable
2026-06-24 12:55:58,011 | CRASH | crash_detector | UNHANDLED EXCEPTION: TypeError
Path: POST /api/v1/auth/signup
User-Agent: Mozilla/5.0 (Windows NT 10.0; Win64; x64) AppleWebKit/537.36 (KHTML, like Gecko) Chrome/149.0.0.0 Safari/537.36
Error: Object of type ValueError is not JSON serializable
Traceback:   + Exception Group Traceback (most recent call last):
  |   File "C:\Users\Administrator\Desktop\geo-map-updated\venv\Lib\site-packages\starlette\_utils.py", line 87, in collapse_excgroups
  |     yield
  |   File "C:\Users\Administrator\Desktop\geo-map-updated\venv\Lib\site-packages\starlette\middleware\base.py", line 190, in __call__
  |     async with anyio.create_task_group() as task_group:
  |   File "C:\Users\Administrator\Desktop\geo-map-updated\venv\Lib\site-packages\anyio\_backends\_asyncio.py", line 811, in __aexit__
  |     raise BaseExceptionGroup(
  | ExceptionGroup: unhandled errors in a TaskGroup (1 sub-exception)
  +-+---------------- 1 ----------------
    | Traceback (most recent call last):
    |   File "C:\Users\Administrator\Desktop\geo-map-updated\venv\Lib\site-packages\starlette\middleware\errors.py", line 164, in __call__
    |     await self.app(scope, receive, _send)
    |   File "C:\Users\Administrator\Desktop\geo-map-updated\venv\Lib\site-packages\starlette\middleware\base.py", line 189, in __call__
    |     with collapse_excgroups():
    |   File "C:\Users\Administrator\AppData\Local\Programs\Python\Python311\Lib\contextlib.py", line 158, in __exit__
    |     self.gen.throw(typ, value, traceback)
    |   File "C:\Users\Administrator\Desktop\geo-map-updated\venv\Lib\site-packages\starlette\_utils.py", line 93, in collapse_excgroups
    |     raise exc
    |   File "C:\Users\Administrator\Desktop\geo-map-updated\venv\Lib\site-packages\starlette\middleware\base.py", line 191, in __call__
    |     response = await self.dispatch_func(request, call_next)
    |                ^^^^^^^^^^^^^^^^^^^^^^^^^^^^^^^^^^^^^^^^^^^^
    |   File "C:\Users\Administrator\Desktop\geo-map-updated\venv\Lib\site-packages\slowapi\middleware.py", line 128, in dispatch
    |     return await call_next(request)
    |            ^^^^^^^^^^^^^^^^^^^^^^^^
    |   File "C:\Users\Administrator\Desktop\geo-map-updated\venv\Lib\site-packages\starlette\middleware\base.py", line 165, in call_next
    |     raise app_exc
    |   File "C:\Users\Administrator\Desktop\geo-map-updated\venv\Lib\site-packages\starlette\middleware\base.py", line 151, in coro
    |     await self.app(scope, receive_or_disconnect, send_no_error)
    |   File "C:\Users\Administrator\Desktop\geo-map-updated\venv\Lib\site-packages\starlette\middleware\cors.py", line 93, in __call__
    |     await self.simple_response(scope, receive, send, request_headers=headers)
    |   File "C:\Users\Administrator\Desktop\geo-map-updated\venv\Lib\site-packages\starlette\middleware\cors.py", line 148, in simple_response
    |     await self.app(scope, receive, send)
    |   File "C:\Users\Administrator\Desktop\geo-map-updated\venv\Lib\site-packages\starlette\middleware\exceptions.py", line 65, in __call__
    |     await wrap_app_handling_exceptions(self.app, conn)(scope, receive, send)
    |   File "C:\Users\Administrator\Desktop\geo-map-updated\venv\Lib\site-packages\starlette\_exception_handler.py", line 64, in wrapped_app
    |     raise exc
    |   File "C:\Users\Administrator\Desktop\geo-map-updated\venv\Lib\site-packages\starlette\_exception_handler.py", line 53, in wrapped_app
    |     await app(scope, receive, sender)
    |   File "C:\Users\Administrator\Desktop\geo-map-updated\venv\Lib\site-packages\starlette\routing.py", line 756, in __call__
    |     await self.middleware_stack(scope, receive, send)
    |   File "C:\Users\Administrator\Desktop\geo-map-updated\venv\Lib\site-packages\starlette\routing.py", line 776, in app
    |     await route.handle(scope, receive, send)
    |   File "C:\Users\Administrator\Desktop\geo-map-updated\venv\Lib\site-packages\starlette\routing.py", line 297, in handle
    |     await self.app(scope, receive, send)
    |   File "C:\Users\Administrator\Desktop\geo-map-updated\venv\Lib\site-packages\starlette\routing.py", line 77, in app
    |     await wrap_app_handling_exceptions(app, request)(scope, receive, send)
    |   File "C:\Users\Administrator\Desktop\geo-map-updated\venv\Lib\site-packages\starlette\_exception_handler.py", line 75, in wrapped_app
    |     response = await handler(conn, exc)
    |                ^^^^^^^^^^^^^^^^^^^^^^^^
    |   File "C:\Users\Administrator\Desktop\geo-map-updated\app\main.py", line 199, in validation_exception_handler
    |     return JSONResponse(
    |            ^^^^^^^^^^^^^
    |   File "C:\Users\Administrator\Desktop\geo-map-updated\venv\Lib\site-packages\starlette\responses.py", line 184, in __init__
    |     super().__init__(content, status_code, headers, media_type, background)
    |   File "C:\Users\Administrator\Desktop\geo-map-updated\venv\Lib\site-packages\starlette\responses.py", line 41, in __init__
    |     self.body = self.render(content)
    |                 ^^^^^^^^^^^^^^^^^^^^
    |   File "C:\Users\Administrator\Desktop\geo-map-updated\venv\Lib\site-packages\starlette\responses.py", line 187, in render
    |     return json.dumps(
    |            ^^^^^^^^^^^
    |   File "C:\Users\Administrator\AppData\Local\Programs\Python\Python311\Lib\json\__init__.py", line 238, in dumps
    |     **kw).encode(obj)
    |           ^^^^^^^^^^^
    |   File "C:\Users\Administrator\AppData\Local\Programs\Python\Python311\Lib\json\encoder.py", line 200, in encode
    |     chunks = self.iterencode(o, _one_shot=True)
    |              ^^^^^^^^^^^^^^^^^^^^^^^^^^^^^^^^^^
    |   File "C:\Users\Administrator\AppData\Local\Programs\Python\Python311\Lib\json\encoder.py", line 258, in iterencode
    |     return _iterencode(o, 0)
    |            ^^^^^^^^^^^^^^^^^
    |   File "C:\Users\Administrator\AppData\Local\Programs\Python\Python311\Lib\json\encoder.py", line 180, in default
    |     raise TypeError(f'Object of type {o.__class__.__name__} '
    | TypeError: Object of type ValueError is not JSON serializable
    +------------------------------------

During handling of the above exception, another exception occurred:

Traceback (most recent call last):
  File "C:\Users\Administrator\Desktop\geo-map-updated\venv\Lib\site-packages\starlette\middleware\errors.py", line 164, in __call__
    await self.app(scope, receive, _send)
  File "C:\Users\Administrator\Desktop\geo-map-updated\venv\Lib\site-packages\starlette\middleware\base.py", line 189, in __call__
    with collapse_excgroups():
  File "C:\Users\Administrator\AppData\Local\Programs\Python\Python311\Lib\contextlib.py", line 158, in __exit__
    self.gen.throw(typ, value, traceback)
  File "C:\Users\Administrator\Desktop\geo-map-updated\venv\Lib\site-packages\starlette\_utils.py", line 93, in collapse_excgroups
    raise exc
  File "C:\Users\Administrator\Desktop\geo-map-updated\venv\Lib\site-packages\starlette\middleware\base.py", line 191, in __call__
    response = await self.dispatch_func(request, call_next)
               ^^^^^^^^^^^^^^^^^^^^^^^^^^^^^^^^^^^^^^^^^^^^
  File "C:\Users\Administrator\Desktop\geo-map-updated\venv\Lib\site-packages\slowapi\middleware.py", line 128, in dispatch
    return await call_next(request)
           ^^^^^^^^^^^^^^^^^^^^^^^^
  File "C:\Users\Administrator\Desktop\geo-map-updated\venv\Lib\site-packages\starlette\middleware\base.py", line 165, in call_next
    raise app_exc
  File "C:\Users\Administrator\Desktop\geo-map-updated\venv\Lib\site-packages\starlette\middleware\base.py", line 151, in coro
    await self.app(scope, receive_or_disconnect, send_no_error)
  File "C:\Users\Administrator\Desktop\geo-map-updated\venv\Lib\site-packages\starlette\middleware\cors.py", line 93, in __call__
    await self.simple_response(scope, receive, send, request_headers=headers)
  File "C:\Users\Administrator\Desktop\geo-map-updated\venv\Lib\site-packages\starlette\middleware\cors.py", line 148, in simple_response
    await self.app(scope, receive, send)
  File "C:\Users\Administrator\Desktop\geo-map-updated\venv\Lib\site-packages\starlette\middleware\exceptions.py", line 65, in __call__
    await wrap_app_handling_exceptions(self.app, conn)(scope, receive, send)
  File "C:\Users\Administrator\Desktop\geo-map-updated\venv\Lib\site-packages\starlette\_exception_handler.py", line 64, in wrapped_app
    raise exc
  File "C:\Users\Administrator\Desktop\geo-map-updated\venv\Lib\site-packages\starlette\_exception_handler.py", line 53, in wrapped_app
    await app(scope, receive, sender)
  File "C:\Users\Administrator\Desktop\geo-map-updated\venv\Lib\site-packages\starlette\routing.py", line 756, in __call__
    await self.middleware_stack(scope, receive, send)
  File "C:\Users\Administrator\Desktop\geo-map-updated\venv\Lib\site-packages\starlette\routing.py", line 776, in app
    await route.handle(scope, receive, send)
  File "C:\Users\Administrator\Desktop\geo-map-updated\venv\Lib\site-packages\starlette\routing.py", line 297, in handle
    await self.app(scope, receive, send)
  File "C:\Users\Administrator\Desktop\geo-map-updated\venv\Lib\site-packages\starlette\routing.py", line 77, in app
    await wrap_app_handling_exceptions(app, request)(scope, receive, send)
  File "C:\Users\Administrator\Desktop\geo-map-updated\venv\Lib\site-packages\starlette\_exception_handler.py", line 75, in wrapped_app
    response = await handler(conn, exc)
               ^^^^^^^^^^^^^^^^^^^^^^^^
  File "C:\Users\Administrator\Desktop\geo-map-updated\app\main.py", line 199, in validation_exception_handler
    return JSONResponse(
           ^^^^^^^^^^^^^
  File "C:\Users\Administrator\Desktop\geo-map-updated\venv\Lib\site-packages\starlette\responses.py", line 184, in __init__
    super().__init__(content, status_code, headers, media_type, background)
  File "C:\Users\Administrator\Desktop\geo-map-updated\venv\Lib\site-packages\starlette\responses.py", line 41, in __init__
    self.body = self.render(content)
                ^^^^^^^^^^^^^^^^^^^^
  File "C:\Users\Administrator\Desktop\geo-map-updated\venv\Lib\site-packages\starlette\responses.py", line 187, in render
    return json.dumps(
           ^^^^^^^^^^^
  File "C:\Users\Administrator\AppData\Local\Programs\Python\Python311\Lib\json\__init__.py", line 238, in dumps
    **kw).encode(obj)
          ^^^^^^^^^^^
  File "C:\Users\Administrator\AppData\Local\Programs\Python\Python311\Lib\json\encoder.py", line 200, in encode
    chunks = self.iterencode(o, _one_shot=True)
             ^^^^^^^^^^^^^^^^^^^^^^^^^^^^^^^^^^
  File "C:\Users\Administrator\AppData\Local\Programs\Python\Python311\Lib\json\encoder.py", line 258, in iterencode
    return _iterencode(o, 0)
           ^^^^^^^^^^^^^^^^^
  File "C:\Users\Administrator\AppData\Local\Programs\Python\Python311\Lib\json\encoder.py", line 180, in default
    raise TypeError(f'Object of type {o.__class__.__name__} '
TypeError: Object of type ValueError is not JSON serializable

(<class 'TypeError'>, TypeError('Object of type ValueError is not JSON serializable'), <traceback object at 0x00000158401D3040>)
  + Exception Group Traceback (most recent call last):
  |   File "C:\Users\Administrator\Desktop\geo-map-updated\venv\Lib\site-packages\starlette\_utils.py", line 87, in collapse_excgroups
  |     yield
  |   File "C:\Users\Administrator\Desktop\geo-map-updated\venv\Lib\site-packages\starlette\middleware\base.py", line 190, in __call__
  |     async with anyio.create_task_group() as task_group:
  |   File "C:\Users\Administrator\Desktop\geo-map-updated\venv\Lib\site-packages\anyio\_backends\_asyncio.py", line 811, in __aexit__
  |     raise BaseExceptionGroup(
  | ExceptionGroup: unhandled errors in a TaskGroup (1 sub-exception)
  +-+---------------- 1 ----------------
    | Traceback (most recent call last):
    |   File "C:\Users\Administrator\Desktop\geo-map-updated\venv\Lib\site-packages\starlette\middleware\errors.py", line 164, in __call__
    |     await self.app(scope, receive, _send)
    |   File "C:\Users\Administrator\Desktop\geo-map-updated\venv\Lib\site-packages\starlette\middleware\base.py", line 189, in __call__
    |     with collapse_excgroups():
    |   File "C:\Users\Administrator\AppData\Local\Programs\Python\Python311\Lib\contextlib.py", line 158, in __exit__
    |     self.gen.throw(typ, value, traceback)
    |   File "C:\Users\Administrator\Desktop\geo-map-updated\venv\Lib\site-packages\starlette\_utils.py", line 93, in collapse_excgroups
    |     raise exc
    |   File "C:\Users\Administrator\Desktop\geo-map-updated\venv\Lib\site-packages\starlette\middleware\base.py", line 191, in __call__
    |     response = await self.dispatch_func(request, call_next)
    |                ^^^^^^^^^^^^^^^^^^^^^^^^^^^^^^^^^^^^^^^^^^^^
    |   File "C:\Users\Administrator\Desktop\geo-map-updated\venv\Lib\site-packages\slowapi\middleware.py", line 128, in dispatch
    |     return await call_next(request)
    |            ^^^^^^^^^^^^^^^^^^^^^^^^
    |   File "C:\Users\Administrator\Desktop\geo-map-updated\venv\Lib\site-packages\starlette\middleware\base.py", line 165, in call_next
    |     raise app_exc
    |   File "C:\Users\Administrator\Desktop\geo-map-updated\venv\Lib\site-packages\starlette\middleware\base.py", line 151, in coro
    |     await self.app(scope, receive_or_disconnect, send_no_error)
    |   File "C:\Users\Administrator\Desktop\geo-map-updated\venv\Lib\site-packages\starlette\middleware\cors.py", line 93, in __call__
    |     await self.simple_response(scope, receive, send, request_headers=headers)
    |   File "C:\Users\Administrator\Desktop\geo-map-updated\venv\Lib\site-packages\starlette\middleware\cors.py", line 148, in simple_response
    |     await self.app(scope, receive, send)
    |   File "C:\Users\Administrator\Desktop\geo-map-updated\venv\Lib\site-packages\starlette\middleware\exceptions.py", line 65, in __call__
    |     await wrap_app_handling_exceptions(self.app, conn)(scope, receive, send)
    |   File "C:\Users\Administrator\Desktop\geo-map-updated\venv\Lib\site-packages\starlette\_exception_handler.py", line 64, in wrapped_app
    |     raise exc
    |   File "C:\Users\Administrator\Desktop\geo-map-updated\venv\Lib\site-packages\starlette\_exception_handler.py", line 53, in wrapped_app
    |     await app(scope, receive, sender)
    |   File "C:\Users\Administrator\Desktop\geo-map-updated\venv\Lib\site-packages\starlette\routing.py", line 756, in __call__
    |     await self.middleware_stack(scope, receive, send)
    |   File "C:\Users\Administrator\Desktop\geo-map-updated\venv\Lib\site-packages\starlette\routing.py", line 776, in app
    |     await route.handle(scope, receive, send)
    |   File "C:\Users\Administrator\Desktop\geo-map-updated\venv\Lib\site-packages\starlette\routing.py", line 297, in handle
    |     await self.app(scope, receive, send)
    |   File "C:\Users\Administrator\Desktop\geo-map-updated\venv\Lib\site-packages\starlette\routing.py", line 77, in app
    |     await wrap_app_handling_exceptions(app, request)(scope, receive, send)
    |   File "C:\Users\Administrator\Desktop\geo-map-updated\venv\Lib\site-packages\starlette\_exception_handler.py", line 75, in wrapped_app
    |     response = await handler(conn, exc)
    |                ^^^^^^^^^^^^^^^^^^^^^^^^
    |   File "C:\Users\Administrator\Desktop\geo-map-updated\app\main.py", line 199, in validation_exception_handler
    |     return JSONResponse(
    |            ^^^^^^^^^^^^^
    |   File "C:\Users\Administrator\Desktop\geo-map-updated\venv\Lib\site-packages\starlette\responses.py", line 184, in __init__
    |     super().__init__(content, status_code, headers, media_type, background)
    |   File "C:\Users\Administrator\Desktop\geo-map-updated\venv\Lib\site-packages\starlette\responses.py", line 41, in __init__
    |     self.body = self.render(content)
    |                 ^^^^^^^^^^^^^^^^^^^^
    |   File "C:\Users\Administrator\Desktop\geo-map-updated\venv\Lib\site-packages\starlette\responses.py", line 187, in render
    |     return json.dumps(
    |            ^^^^^^^^^^^
    |   File "C:\Users\Administrator\AppData\Local\Programs\Python\Python311\Lib\json\__init__.py", line 238, in dumps
    |     **kw).encode(obj)
    |           ^^^^^^^^^^^
    |   File "C:\Users\Administrator\AppData\Local\Programs\Python\Python311\Lib\json\encoder.py", line 200, in encode
    |     chunks = self.iterencode(o, _one_shot=True)
    |              ^^^^^^^^^^^^^^^^^^^^^^^^^^^^^^^^^^
    |   File "C:\Users\Administrator\AppData\Local\Programs\Python\Python311\Lib\json\encoder.py", line 258, in iterencode
    |     return _iterencode(o, 0)
    |            ^^^^^^^^^^^^^^^^^
    |   File "C:\Users\Administrator\AppData\Local\Programs\Python\Python311\Lib\json\encoder.py", line 180, in default
    |     raise TypeError(f'Object of type {o.__class__.__name__} '
    | TypeError: Object of type ValueError is not JSON serializable
    +------------------------------------

During handling of the above exception, another exception occurred:

Traceback (most recent call last):
  File "C:\Users\Administrator\Desktop\geo-map-updated\venv\Lib\site-packages\starlette\middleware\errors.py", line 164, in __call__
    await self.app(scope, receive, _send)
  File "C:\Users\Administrator\Desktop\geo-map-updated\venv\Lib\site-packages\starlette\middleware\base.py", line 189, in __call__
    with collapse_excgroups():
  File "C:\Users\Administrator\AppData\Local\Programs\Python\Python311\Lib\contextlib.py", line 158, in __exit__
    self.gen.throw(typ, value, traceback)
  File "C:\Users\Administrator\Desktop\geo-map-updated\venv\Lib\site-packages\starlette\_utils.py", line 93, in collapse_excgroups
    raise exc
  File "C:\Users\Administrator\Desktop\geo-map-updated\venv\Lib\site-packages\starlette\middleware\base.py", line 191, in __call__
    response = await self.dispatch_func(request, call_next)
               ^^^^^^^^^^^^^^^^^^^^^^^^^^^^^^^^^^^^^^^^^^^^
  File "C:\Users\Administrator\Desktop\geo-map-updated\venv\Lib\site-packages\slowapi\middleware.py", line 128, in dispatch
    return await call_next(request)
           ^^^^^^^^^^^^^^^^^^^^^^^^
  File "C:\Users\Administrator\Desktop\geo-map-updated\venv\Lib\site-packages\starlette\middleware\base.py", line 165, in call_next
    raise app_exc
  File "C:\Users\Administrator\Desktop\geo-map-updated\venv\Lib\site-packages\starlette\middleware\base.py", line 151, in coro
    await self.app(scope, receive_or_disconnect, send_no_error)
  File "C:\Users\Administrator\Desktop\geo-map-updated\venv\Lib\site-packages\starlette\middleware\cors.py", line 93, in __call__
    await self.simple_response(scope, receive, send, request_headers=headers)
  File "C:\Users\Administrator\Desktop\geo-map-updated\venv\Lib\site-packages\starlette\middleware\cors.py", line 148, in simple_response
    await self.app(scope, receive, send)
  File "C:\Users\Administrator\Desktop\geo-map-updated\venv\Lib\site-packages\starlette\middleware\exceptions.py", line 65, in __call__
    await wrap_app_handling_exceptions(self.app, conn)(scope, receive, send)
  File "C:\Users\Administrator\Desktop\geo-map-updated\venv\Lib\site-packages\starlette\_exception_handler.py", line 64, in wrapped_app
    raise exc
  File "C:\Users\Administrator\Desktop\geo-map-updated\venv\Lib\site-packages\starlette\_exception_handler.py", line 53, in wrapped_app
    await app(scope, receive, sender)
  File "C:\Users\Administrator\Desktop\geo-map-updated\venv\Lib\site-packages\starlette\routing.py", line 756, in __call__
    await self.middleware_stack(scope, receive, send)
  File "C:\Users\Administrator\Desktop\geo-map-updated\venv\Lib\site-packages\starlette\routing.py", line 776, in app
    await route.handle(scope, receive, send)
  File "C:\Users\Administrator\Desktop\geo-map-updated\venv\Lib\site-packages\starlette\routing.py", line 297, in handle
    await self.app(scope, receive, send)
  File "C:\Users\Administrator\Desktop\geo-map-updated\venv\Lib\site-packages\starlette\routing.py", line 77, in app
    await wrap_app_handling_exceptions(app, request)(scope, receive, send)
  File "C:\Users\Administrator\Desktop\geo-map-updated\venv\Lib\site-packages\starlette\_exception_handler.py", line 75, in wrapped_app
    response = await handler(conn, exc)
               ^^^^^^^^^^^^^^^^^^^^^^^^
  File "C:\Users\Administrator\Desktop\geo-map-updated\app\main.py", line 199, in validation_exception_handler
    return JSONResponse(
           ^^^^^^^^^^^^^
  File "C:\Users\Administrator\Desktop\geo-map-updated\venv\Lib\site-packages\starlette\responses.py", line 184, in __init__
    super().__init__(content, status_code, headers, media_type, background)
  File "C:\Users\Administrator\Desktop\geo-map-updated\venv\Lib\site-packages\starlette\responses.py", line 41, in __init__
    self.body = self.render(content)
                ^^^^^^^^^^^^^^^^^^^^
  File "C:\Users\Administrator\Desktop\geo-map-updated\venv\Lib\site-packages\starlette\responses.py", line 187, in render
    return json.dumps(
           ^^^^^^^^^^^
  File "C:\Users\Administrator\AppData\Local\Programs\Python\Python311\Lib\json\__init__.py", line 238, in dumps
    **kw).encode(obj)
          ^^^^^^^^^^^
  File "C:\Users\Administrator\AppData\Local\Programs\Python\Python311\Lib\json\encoder.py", line 200, in encode
    chunks = self.iterencode(o, _one_shot=True)
             ^^^^^^^^^^^^^^^^^^^^^^^^^^^^^^^^^^
  File "C:\Users\Administrator\AppData\Local\Programs\Python\Python311\Lib\json\encoder.py", line 258, in iterencode
    return _iterencode(o, 0)
           ^^^^^^^^^^^^^^^^^
  File "C:\Users\Administrator\AppData\Local\Programs\Python\Python311\Lib\json\encoder.py", line 180, in default
    raise TypeError(f'Object of type {o.__class__.__name__} '
TypeError: Object of type ValueError is not JSON serializable
